Arguments: 
  /usr/local/bin/node /usr/local/bin/yarn

PATH: 
  /Library/Frameworks/Python.framework/Versions/3.7/bin:/usr/local/bin:/usr/bin:/bin:/usr/sbin:/sbin:/Library/Frameworks/Python.framework/Versions/3.7/bin:/Users/a10.12/Library/Android/sdk/tools:/Users/a10.12/Library/Android/sdk/tools/bin:/Users/a10.12/Library/Android/sdk/platform-tools:/Users/a10.12/Library/Android/sdk/emulator:/Users/a10.12/Library/Android/sdk/tools:/Users/a10.12/Library/Android/sdk/tools/bin:/Users/a10.12/Library/Android/sdk/platform-tools:/Users/a10.12/Library/Android/sdk/emulator

Yarn version: 
  1.19.1

Node version: 
  16.15.0

Platform: 
  darwin x64

Trace: 
  SyntaxError: /Users/a10.12/Documents/my-github/request-api/package.json: Unexpected token } in JSON at position 1477
      at JSON.parse (<anonymous>)
      at /usr/local/lib/node_modules/yarn/lib/cli.js:1625:59
      at Generator.next (<anonymous>)
      at step (/usr/local/lib/node_modules/yarn/lib/cli.js:304:30)
      at /usr/local/lib/node_modules/yarn/lib/cli.js:315:13

npm manifest: 
  {
    "name": "ls",
    "version": "1.0.0",
    "description": "",
    "main": "index.js",
    "scripts": {
      "test": "echo \"Error: no test specified\" && exit 1",
      "api": "sac --config ./config/generateConfig.js",
      "api:oms": "sac --config ./config/generateConfig.js -p oms",
      "api:ems": "sac --config ./config/generateConfig.js -p ems",
      "build:oms": "cross-env NODE_ENV=development PACKAGE=oms-request-api rollup -c ./script/rollup.config.js",
      "build:ems": "cross-env NODE_ENV=development PACKAGE=ems-request-api rollup -c ./script/rollup.config.js"
    },
    "author": "",
    "license": "ISC",
    "devDependencies": {
      "@types/typescript": "^2.0.0",
      "lerna": "^4.0.0",
      "swagger-api-codegen-cli": "^0.0.1",
      "typescript": "~4.5.5"
    },
    "dependencies": {
      "@babel/core": "^7.18.2",
      "@rollup/plugin-babel": "^5.3.1",
      "@rollup/plugin-commonjs": "^22.0.0",
      "@rollup/plugin-json": "^4.1.0",
      "@rollup/plugin-node-resolve": "^13.3.0",
      "@rollup/plugin-typescript": "^8.3.2",
      "@types/core-js": "^2.5.5",
      "@typescript-eslint/parser": "^5.26.0",
      "axios": "^0.21.1",
      "babel-loader": "^8.2.5",
      "core-js": "^3.8.3",
      "cross-env": "^7.0.3",
      "ems": "file:packages/ems-request-api",
      "oms": "file:packages/oms-request-api",
      "rollup-plugin-clear": "^2.0.7",
      "rollup-plugin-dts": "^4.2.1",
      "rollup-plugin-eslint": "^7.0.0",
      "rollup-plugin-terser": "^7.0.2",
      "rollup-plugin-typescript2": "^0.31.2",
    }
  }

yarn manifest: 
  No manifest

Lockfile: 
  No lockfile
